[15-Jul-2016 07:56:56 UTC] PHP Warning:  require_once(actionSelect.php): failed to open stream: No such file or directory in /home/ubuntu/workspace/project/projectMingYu_MVC/views/selectOrderform.php on line 2
[15-Jul-2016 07:56:56 UTC] PHP Stack trace:
[15-Jul-2016 07:56:56 UTC] PHP   1. {main}() /home/ubuntu/workspace/project/projectMingYu_MVC/views/selectOrderform.php:0
[15-Jul-2016 07:56:56 UTC] PHP Fatal error:  require_once(): Failed opening required 'actionSelect.php' (include_path='.:/usr/share/php:/usr/share/pear') in /home/ubuntu/workspace/project/projectMingYu_MVC/views/selectOrderform.php on line 2
[15-Jul-2016 07:56:56 UTC] PHP Stack trace:
[15-Jul-2016 07:56:56 UTC] PHP   1. {main}() /home/ubuntu/workspace/project/projectMingYu_MVC/views/selectOrderform.php:0
[15-Jul-2016 07:57:17 UTC] PHP Warning:  require_once(actionSelect.php): failed to open stream: No such file or directory in /home/ubuntu/workspace/project/projectMingYu_MVC/views/selectOrderform.php on line 2
[15-Jul-2016 07:57:17 UTC] PHP Stack trace:
[15-Jul-2016 07:57:17 UTC] PHP   1. {main}() /home/ubuntu/workspace/project/projectMingYu_MVC/views/selectOrderform.php:0
[15-Jul-2016 07:57:17 UTC] PHP Fatal error:  require_once(): Failed opening required 'actionSelect.php' (include_path='.:/usr/share/php:/usr/share/pear') in /home/ubuntu/workspace/project/projectMingYu_MVC/views/selectOrderform.php on line 2
[15-Jul-2016 07:57:17 UTC] PHP Stack trace:
[15-Jul-2016 07:57:17 UTC] PHP   1. {main}() /home/ubuntu/workspace/project/projectMingYu_MVC/views/selectOrderform.php:0
[15-Jul-2016 07:57:24 UTC] PHP Warning:  require_once(actionSelect.php): failed to open stream: No such file or directory in /home/ubuntu/workspace/project/projectMingYu_MVC/views/selectOrderform.php on line 2
[15-Jul-2016 07:57:24 UTC] PHP Stack trace:
[15-Jul-2016 07:57:24 UTC] PHP   1. {main}() /home/ubuntu/workspace/project/projectMingYu_MVC/views/selectOrderform.php:0
[15-Jul-2016 07:57:24 UTC] PHP Fatal error:  require_once(): Failed opening required 'actionSelect.php' (include_path='.:/usr/share/php:/usr/share/pear') in /home/ubuntu/workspace/project/projectMingYu_MVC/views/selectOrderform.php on line 2
[15-Jul-2016 07:57:24 UTC] PHP Stack trace:
[15-Jul-2016 07:57:24 UTC] PHP   1. {main}() /home/ubuntu/workspace/project/projectMingYu_MVC/views/selectOrderform.php:0
[15-Jul-2016 07:58:58 UTC] PHP Warning:  require_once(actionSelect.php): failed to open stream: No such file or directory in /home/ubuntu/workspace/project/projectMingYu_MVC/views/selectOrderform.php on line 2
[15-Jul-2016 07:58:58 UTC] PHP Stack trace:
[15-Jul-2016 07:58:58 UTC] PHP   1. {main}() /home/ubuntu/workspace/project/projectMingYu_MVC/views/selectOrderform.php:0
[15-Jul-2016 07:58:58 UTC] PHP Fatal error:  require_once(): Failed opening required 'actionSelect.php' (include_path='.:/usr/share/php:/usr/share/pear') in /home/ubuntu/workspace/project/projectMingYu_MVC/views/selectOrderform.php on line 2
[15-Jul-2016 07:58:58 UTC] PHP Stack trace:
[15-Jul-2016 07:58:58 UTC] PHP   1. {main}() /home/ubuntu/workspace/project/projectMingYu_MVC/views/selectOrderform.php:0
[15-Jul-2016 07:59:47 UTC] PHP Warning:  require_once(connect.php): failed to open stream: No such file or directory in /home/ubuntu/workspace/project/projectMingYu_MVC/controllers/actionSelect.php on line 3
[15-Jul-2016 07:59:47 UTC] PHP Stack trace:
[15-Jul-2016 07:59:47 UTC] PHP   1. {main}() /home/ubuntu/workspace/project/projectMingYu_MVC/views/selectOrderform.php:0
[15-Jul-2016 07:59:47 UTC] PHP   2. require_once() /home/ubuntu/workspace/project/projectMingYu_MVC/views/selectOrderform.php:2
[15-Jul-2016 07:59:47 UTC] PHP Fatal error:  require_once(): Failed opening required 'connect.php' (include_path='.:/usr/share/php:/usr/share/pear') in /home/ubuntu/workspace/project/projectMingYu_MVC/controllers/actionSelect.php on line 3
[15-Jul-2016 07:59:47 UTC] PHP Stack trace:
[15-Jul-2016 07:59:47 UTC] PHP   1. {main}() /home/ubuntu/workspace/project/projectMingYu_MVC/views/selectOrderform.php:0
[15-Jul-2016 07:59:47 UTC] PHP   2. require_once() /home/ubuntu/workspace/project/projectMingYu_MVC/views/selectOrderform.php:2
[15-Jul-2016 08:00:17 UTC] PHP Warning:  require_once(connect.php): failed to open stream: No such file or directory in /home/ubuntu/workspace/project/projectMingYu_MVC/controllers/actionSelect.php on line 3
[15-Jul-2016 08:00:17 UTC] PHP Stack trace:
[15-Jul-2016 08:00:17 UTC] PHP   1. {main}() /home/ubuntu/workspace/project/projectMingYu_MVC/views/selectOrderform.php:0
[15-Jul-2016 08:00:17 UTC] PHP   2. include() /home/ubuntu/workspace/project/projectMingYu_MVC/views/selectOrderform.php:2
[15-Jul-2016 08:00:17 UTC] PHP Fatal error:  require_once(): Failed opening required 'connect.php' (include_path='.:/usr/share/php:/usr/share/pear') in /home/ubuntu/workspace/project/projectMingYu_MVC/controllers/actionSelect.php on line 3
[15-Jul-2016 08:00:17 UTC] PHP Stack trace:
[15-Jul-2016 08:00:17 UTC] PHP   1. {main}() /home/ubuntu/workspace/project/projectMingYu_MVC/views/selectOrderform.php:0
[15-Jul-2016 08:00:17 UTC] PHP   2. include() /home/ubuntu/workspace/project/projectMingYu_MVC/views/selectOrderform.php:2
[15-Jul-2016 08:26:00 UTC] PHP Warning:  require_once(actionDetail.php): failed to open stream: No such file or directory in /home/ubuntu/workspace/project/projectMingYu_MVC/views/detail.php on line 2
[15-Jul-2016 08:26:00 UTC] PHP Stack trace:
[15-Jul-2016 08:26:00 UTC] PHP   1. {main}() /home/ubuntu/workspace/project/projectMingYu_MVC/views/detail.php:0
[15-Jul-2016 08:26:00 UTC] PHP Fatal error:  require_once(): Failed opening required 'actionDetail.php' (include_path='.:/usr/share/php:/usr/share/pear') in /home/ubuntu/workspace/project/projectMingYu_MVC/views/detail.php on line 2
[15-Jul-2016 08:26:00 UTC] PHP Stack trace:
[15-Jul-2016 08:26:00 UTC] PHP   1. {main}() /home/ubuntu/workspace/project/projectMingYu_MVC/views/detail.php:0
[15-Jul-2016 08:39:01 UTC] PHP Warning:  require_once(actionDetail.php): failed to open stream: No such file or directory in /home/ubuntu/workspace/project/projectMingYu_MVC/views/detail.php on line 2
[15-Jul-2016 08:39:01 UTC] PHP Stack trace:
[15-Jul-2016 08:39:01 UTC] PHP   1. {main}() /home/ubuntu/workspace/project/projectMingYu_MVC/views/detail.php:0
[15-Jul-2016 08:39:01 UTC] PHP Fatal error:  require_once(): Failed opening required 'actionDetail.php' (include_path='.:/usr/share/php:/usr/share/pear') in /home/ubuntu/workspace/project/projectMingYu_MVC/views/detail.php on line 2
[15-Jul-2016 08:39:01 UTC] PHP Stack trace:
[15-Jul-2016 08:39:01 UTC] PHP   1. {main}() /home/ubuntu/workspace/project/projectMingYu_MVC/views/detail.php:0
[15-Jul-2016 08:45:37 UTC] PHP Warning:  require_once(actionDetail.php): failed to open stream: No such file or directory in /home/ubuntu/workspace/project/projectMingYu_MVC/views/detail.php on line 2
[15-Jul-2016 08:45:37 UTC] PHP Stack trace:
[15-Jul-2016 08:45:37 UTC] PHP   1. {main}() /home/ubuntu/workspace/project/projectMingYu_MVC/views/detail.php:0
[15-Jul-2016 08:45:37 UTC] PHP Fatal error:  require_once(): Failed opening required 'actionDetail.php' (include_path='.:/usr/share/php:/usr/share/pear') in /home/ubuntu/workspace/project/projectMingYu_MVC/views/detail.php on line 2
[15-Jul-2016 08:45:37 UTC] PHP Stack trace:
[15-Jul-2016 08:45:37 UTC] PHP   1. {main}() /home/ubuntu/workspace/project/projectMingYu_MVC/views/detail.php:0
[18-Jul-2016 01:41:20 UTC] PHP Fatal error:  Call to undefined function orderformLimit() in /home/ubuntu/workspace/project/projectMingYu_MVC/views/selectOrderform.php on line 112
[18-Jul-2016 01:41:20 UTC] PHP Stack trace:
[18-Jul-2016 01:41:20 UTC] PHP   1. {main}() /home/ubuntu/workspace/project/projectMingYu_MVC/views/selectOrderform.php:0
[18-Jul-2016 01:45:22 UTC] PHP Warning:  Division by zero in /home/ubuntu/workspace/project/projectMingYu_MVC/controllers/actionSelect.php on line 11
[18-Jul-2016 01:45:22 UTC] PHP Stack trace:
[18-Jul-2016 01:45:22 UTC] PHP   1. {main}() /home/ubuntu/workspace/project/projectMingYu_MVC/views/selectOrderform.php:0
[18-Jul-2016 01:45:22 UTC] PHP   2. include() /home/ubuntu/workspace/project/projectMingYu_MVC/views/selectOrderform.php:2
[18-Jul-2016 01:52:25 UTC] PHP Fatal error:  Call to undefined function selectOrderform() in /home/ubuntu/workspace/project/projectMingYu_MVC/controllers/actionSelect.php on line 11
[18-Jul-2016 01:52:25 UTC] PHP Stack trace:
[18-Jul-2016 01:52:25 UTC] PHP   1. {main}() /home/ubuntu/workspace/project/projectMingYu_MVC/views/selectOrderform.php:0
[18-Jul-2016 01:52:25 UTC] PHP   2. include() /home/ubuntu/workspace/project/projectMingYu_MVC/views/selectOrderform.php:2
[18-Jul-2016 01:53:11 UTC] PHP Warning:  Missing argument 1 for displayOrderform::orderformLimit(), called in /home/ubuntu/workspace/project/projectMingYu_MVC/views/selectOrderform.php on line 112 and defined in /home/ubuntu/workspace/project/projectMingYu_MVC/models/displayOrderform.php on line 17
[18-Jul-2016 01:53:11 UTC] PHP Stack trace:
[18-Jul-2016 01:53:11 UTC] PHP   1. {main}() /home/ubuntu/workspace/project/projectMingYu_MVC/views/selectOrderform.php:0
[18-Jul-2016 01:53:11 UTC] PHP   2. displayOrderform->orderformLimit() /home/ubuntu/workspace/project/projectMingYu_MVC/views/selectOrderform.php:112
[18-Jul-2016 01:53:11 UTC] PHP Warning:  Missing argument 2 for displayOrderform::orderformLimit(), called in /home/ubuntu/workspace/project/projectMingYu_MVC/views/selectOrderform.php on line 112 and defined in /home/ubuntu/workspace/project/projectMingYu_MVC/models/displayOrderform.php on line 17
[18-Jul-2016 01:53:11 UTC] PHP Stack trace:
[18-Jul-2016 01:53:11 UTC] PHP   1. {main}() /home/ubuntu/workspace/project/projectMingYu_MVC/views/selectOrderform.php:0
[18-Jul-2016 01:53:11 UTC] PHP   2. displayOrderform->orderformLimit() /home/ubuntu/workspace/project/projectMingYu_MVC/views/selectOrderform.php:112
[18-Jul-2016 01:59:53 UTC] PHP Fatal error:  Class 'displayOrderform' not found in /home/ubuntu/workspace/project/projectMingYu_MVC/controllers/actionSelect.php on line 9
[18-Jul-2016 01:59:53 UTC] PHP Stack trace:
[18-Jul-2016 01:59:53 UTC] PHP   1. {main}() /home/ubuntu/workspace/project/projectMingYu_MVC/views/selectOrderform.php:0
[18-Jul-2016 01:59:53 UTC] PHP   2. include() /home/ubuntu/workspace/project/projectMingYu_MVC/views/selectOrderform.php:2
[18-Jul-2016 02:21:14 UTC] PHP Warning:  mysql_fetch_row() expects parameter 1 to be resource, null given in /home/ubuntu/workspace/project/projectMingYu_MVC/views/selectOrderform.php on line 112
[18-Jul-2016 02:21:14 UTC] PHP Stack trace:
[18-Jul-2016 02:21:14 UTC] PHP   1. {main}() /home/ubuntu/workspace/project/projectMingYu_MVC/views/selectOrderform.php:0
[18-Jul-2016 02:21:14 UTC] PHP   2. mysql_fetch_row() /home/ubuntu/workspace/project/projectMingYu_MVC/views/selectOrderform.php:112
[18-Jul-2016 02:31:22 UTC] PHP Warning:  mysql_num_rows() expects parameter 1 to be resource, null given in /home/ubuntu/workspace/project/projectMingYu_MVC/controllers/actionSelect.php on line 10
[18-Jul-2016 02:31:22 UTC] PHP Stack trace:
[18-Jul-2016 02:31:22 UTC] PHP   1. {main}() /home/ubuntu/workspace/project/projectMingYu_MVC/views/selectOrderform.php:0
[18-Jul-2016 02:31:22 UTC] PHP   2. include() /home/ubuntu/workspace/project/projectMingYu_MVC/views/selectOrderform.php:2
[18-Jul-2016 02:31:22 UTC] PHP   3. mysql_num_rows() /home/ubuntu/workspace/project/projectMingYu_MVC/controllers/actionSelect.php:10
[18-Jul-2016 02:31:22 UTC] PHP Warning:  mysql_fetch_row() expects parameter 1 to be resource, null given in /home/ubuntu/workspace/project/projectMingYu_MVC/views/selectOrderform.php on line 162
[18-Jul-2016 02:31:22 UTC] PHP Stack trace:
[18-Jul-2016 02:31:22 UTC] PHP   1. {main}() /home/ubuntu/workspace/project/projectMingYu_MVC/views/selectOrderform.php:0
[18-Jul-2016 02:31:22 UTC] PHP   2. mysql_fetch_row() /home/ubuntu/workspace/project/projectMingYu_MVC/views/selectOrderform.php:162
[18-Jul-2016 03:15:55 UTC] PHP Warning:  mysql_fetch_row() expects parameter 1 to be resource, null given in /home/ubuntu/workspace/project/projectMingYu_MVC/views/selectOrderform.php on line 162
[18-Jul-2016 03:15:55 UTC] PHP Stack trace:
[18-Jul-2016 03:15:55 UTC] PHP   1. {main}() /home/ubuntu/workspace/project/projectMingYu_MVC/views/selectOrderform.php:0
[18-Jul-2016 03:15:55 UTC] PHP   2. mysql_fetch_row() /home/ubuntu/workspace/project/projectMingYu_MVC/views/selectOrderform.php:162
[18-Jul-2016 05:57:03 UTC] PHP Warning:  mysql_num_rows() expects parameter 1 to be resource, null given in /home/ubuntu/workspace/project/projectMingYu_MVC/controllers/actionDetail.php on line 25
[18-Jul-2016 05:57:03 UTC] PHP Stack trace:
[18-Jul-2016 05:57:03 UTC] PHP   1. {main}() /home/ubuntu/workspace/project/projectMingYu_MVC/views/detail.php:0
[18-Jul-2016 05:57:03 UTC] PHP   2. require_once() /home/ubuntu/workspace/project/projectMingYu_MVC/views/detail.php:2
[18-Jul-2016 05:57:03 UTC] PHP   3. mysql_num_rows() /home/ubuntu/workspace/project/projectMingYu_MVC/controllers/actionDetail.php:25
[18-Jul-2016 05:57:03 UTC] PHP Warning:  mysql_fetch_row() expects parameter 1 to be resource, null given in /home/ubuntu/workspace/project/projectMingYu_MVC/views/detail.php on line 92
[18-Jul-2016 05:57:03 UTC] PHP Stack trace:
[18-Jul-2016 05:57:03 UTC] PHP   1. {main}() /home/ubuntu/workspace/project/projectMingYu_MVC/views/detail.php:0
[18-Jul-2016 05:57:03 UTC] PHP   2. mysql_fetch_row() /home/ubuntu/workspace/project/projectMingYu_MVC/views/detail.php:92
[18-Jul-2016 05:58:29 UTC] PHP Warning:  mysql_num_rows() expects parameter 1 to be resource, null given in /home/ubuntu/workspace/project/projectMingYu_MVC/controllers/actionDetail.php on line 23
[18-Jul-2016 05:58:29 UTC] PHP Stack trace:
[18-Jul-2016 05:58:29 UTC] PHP   1. {main}() /home/ubuntu/workspace/project/projectMingYu_MVC/views/detail.php:0
[18-Jul-2016 05:58:29 UTC] PHP   2. require_once() /home/ubuntu/workspace/project/projectMingYu_MVC/views/detail.php:2
[18-Jul-2016 05:58:29 UTC] PHP   3. mysql_num_rows() /home/ubuntu/workspace/project/projectMingYu_MVC/controllers/actionDetail.php:23
[18-Jul-2016 05:58:29 UTC] PHP Warning:  mysql_fetch_row() expects parameter 1 to be resource, null given in /home/ubuntu/workspace/project/projectMingYu_MVC/views/detail.php on line 92
[18-Jul-2016 05:58:29 UTC] PHP Stack trace:
[18-Jul-2016 05:58:29 UTC] PHP   1. {main}() /home/ubuntu/workspace/project/projectMingYu_MVC/views/detail.php:0
[18-Jul-2016 05:58:29 UTC] PHP   2. mysql_fetch_row() /home/ubuntu/workspace/project/projectMingYu_MVC/views/detail.php:92
[18-Jul-2016 05:58:37 UTC] PHP Warning:  mysql_num_rows() expects parameter 1 to be resource, null given in /home/ubuntu/workspace/project/projectMingYu_MVC/controllers/actionDetail.php on line 23
[18-Jul-2016 05:58:37 UTC] PHP Stack trace:
[18-Jul-2016 05:58:37 UTC] PHP   1. {main}() /home/ubuntu/workspace/project/projectMingYu_MVC/views/detail.php:0
[18-Jul-2016 05:58:37 UTC] PHP   2. require_once() /home/ubuntu/workspace/project/projectMingYu_MVC/views/detail.php:2
[18-Jul-2016 05:58:37 UTC] PHP   3. mysql_num_rows() /home/ubuntu/workspace/project/projectMingYu_MVC/controllers/actionDetail.php:23
[18-Jul-2016 05:58:37 UTC] PHP Warning:  mysql_fetch_row() expects parameter 1 to be resource, null given in /home/ubuntu/workspace/project/projectMingYu_MVC/views/detail.php on line 92
[18-Jul-2016 05:58:37 UTC] PHP Stack trace:
[18-Jul-2016 05:58:37 UTC] PHP   1. {main}() /home/ubuntu/workspace/project/projectMingYu_MVC/views/detail.php:0
[18-Jul-2016 05:58:37 UTC] PHP   2. mysql_fetch_row() /home/ubuntu/workspace/project/projectMingYu_MVC/views/detail.php:92
[18-Jul-2016 06:00:26 UTC] PHP Warning:  mysql_num_rows() expects parameter 1 to be resource, null given in /home/ubuntu/workspace/project/projectMingYu_MVC/controllers/actionDetail.php on line 23
[18-Jul-2016 06:00:26 UTC] PHP Stack trace:
[18-Jul-2016 06:00:26 UTC] PHP   1. {main}() /home/ubuntu/workspace/project/projectMingYu_MVC/views/detail.php:0
[18-Jul-2016 06:00:26 UTC] PHP   2. require_once() /home/ubuntu/workspace/project/projectMingYu_MVC/views/detail.php:2
[18-Jul-2016 06:00:26 UTC] PHP   3. mysql_num_rows() /home/ubuntu/workspace/project/projectMingYu_MVC/controllers/actionDetail.php:23
[18-Jul-2016 06:00:31 UTC] PHP Warning:  mysql_num_rows() expects parameter 1 to be resource, null given in /home/ubuntu/workspace/project/projectMingYu_MVC/controllers/actionDetail.php on line 23
[18-Jul-2016 06:00:31 UTC] PHP Stack trace:
[18-Jul-2016 06:00:31 UTC] PHP   1. {main}() /home/ubuntu/workspace/project/projectMingYu_MVC/views/detail.php:0
[18-Jul-2016 06:00:31 UTC] PHP   2. require_once() /home/ubuntu/workspace/project/projectMingYu_MVC/views/detail.php:2
[18-Jul-2016 06:00:31 UTC] PHP   3. mysql_num_rows() /home/ubuntu/workspace/project/projectMingYu_MVC/controllers/actionDetail.php:23
[18-Jul-2016 06:00:34 UTC] PHP Warning:  mysql_num_rows() expects parameter 1 to be resource, null given in /home/ubuntu/workspace/project/projectMingYu_MVC/controllers/actionDetail.php on line 23
[18-Jul-2016 06:00:34 UTC] PHP Stack trace:
[18-Jul-2016 06:00:34 UTC] PHP   1. {main}() /home/ubuntu/workspace/project/projectMingYu_MVC/views/detail.php:0
[18-Jul-2016 06:00:34 UTC] PHP   2. require_once() /home/ubuntu/workspace/project/projectMingYu_MVC/views/detail.php:2
[18-Jul-2016 06:00:34 UTC] PHP   3. mysql_num_rows() /home/ubuntu/workspace/project/projectMingYu_MVC/controllers/actionDetail.php:23
[18-Jul-2016 06:00:38 UTC] PHP Warning:  mysql_num_rows() expects parameter 1 to be resource, null given in /home/ubuntu/workspace/project/projectMingYu_MVC/controllers/actionDetail.php on line 23
[18-Jul-2016 06:00:38 UTC] PHP Stack trace:
[18-Jul-2016 06:00:38 UTC] PHP   1. {main}() /home/ubuntu/workspace/project/projectMingYu_MVC/views/detail.php:0
[18-Jul-2016 06:00:38 UTC] PHP   2. require_once() /home/ubuntu/workspace/project/projectMingYu_MVC/views/detail.php:2
[18-Jul-2016 06:00:38 UTC] PHP   3. mysql_num_rows() /home/ubuntu/workspace/project/projectMingYu_MVC/controllers/actionDetail.php:23
[18-Jul-2016 06:04:13 UTC] PHP Warning:  mysql_fetch_row() expects parameter 1 to be resource, null given in /home/ubuntu/workspace/project/projectMingYu_MVC/views/detail.php on line 136
[18-Jul-2016 06:04:13 UTC] PHP Stack trace:
[18-Jul-2016 06:04:13 UTC] PHP   1. {main}() /home/ubuntu/workspace/project/projectMingYu_MVC/views/detail.php:0
[18-Jul-2016 06:04:13 UTC] PHP   2. mysql_fetch_row() /home/ubuntu/workspace/project/projectMingYu_MVC/views/detail.php:136
[18-Jul-2016 06:04:58 UTC] PHP Warning:  mysql_fetch_row() expects parameter 1 to be resource, null given in /home/ubuntu/workspace/project/projectMingYu_MVC/views/detail.php on line 136
[18-Jul-2016 06:04:58 UTC] PHP Stack trace:
[18-Jul-2016 06:04:58 UTC] PHP   1. {main}() /home/ubuntu/workspace/project/projectMingYu_MVC/views/detail.php:0
[18-Jul-2016 06:04:58 UTC] PHP   2. mysql_fetch_row() /home/ubuntu/workspace/project/projectMingYu_MVC/views/detail.php:136
[18-Jul-2016 06:04:59 UTC] PHP Warning:  mysql_fetch_row() expects parameter 1 to be resource, null given in /home/ubuntu/workspace/project/projectMingYu_MVC/views/detail.php on line 136
[18-Jul-2016 06:04:59 UTC] PHP Stack trace:
[18-Jul-2016 06:04:59 UTC] PHP   1. {main}() /home/ubuntu/workspace/project/projectMingYu_MVC/views/detail.php:0
[18-Jul-2016 06:04:59 UTC] PHP   2. mysql_fetch_row() /home/ubuntu/workspace/project/projectMingYu_MVC/views/detail.php:136
[18-Jul-2016 06:06:35 UTC] PHP Warning:  mysql_fetch_row() expects parameter 1 to be resource, null given in /home/ubuntu/workspace/project/projectMingYu_MVC/views/detail.php on line 136
[18-Jul-2016 06:06:35 UTC] PHP Stack trace:
[18-Jul-2016 06:06:35 UTC] PHP   1. {main}() /home/ubuntu/workspace/project/projectMingYu_MVC/views/detail.php:0
[18-Jul-2016 06:06:35 UTC] PHP   2. mysql_fetch_row() /home/ubuntu/workspace/project/projectMingYu_MVC/views/detail.php:136
[18-Jul-2016 06:06:38 UTC] PHP Warning:  mysql_fetch_row() expects parameter 1 to be resource, null given in /home/ubuntu/workspace/project/projectMingYu_MVC/views/detail.php on line 136
[18-Jul-2016 06:06:38 UTC] PHP Stack trace:
[18-Jul-2016 06:06:38 UTC] PHP   1. {main}() /home/ubuntu/workspace/project/projectMingYu_MVC/views/detail.php:0
[18-Jul-2016 06:06:38 UTC] PHP   2. mysql_fetch_row() /home/ubuntu/workspace/project/projectMingYu_MVC/views/detail.php:136
[18-Jul-2016 06:09:50 UTC] PHP Warning:  mysql_fetch_row() expects parameter 1 to be resource, null given in /home/ubuntu/workspace/project/projectMingYu_MVC/views/detail.php on line 136
[18-Jul-2016 06:09:50 UTC] PHP Stack trace:
[18-Jul-2016 06:09:50 UTC] PHP   1. {main}() /home/ubuntu/workspace/project/projectMingYu_MVC/views/detail.php:0
[18-Jul-2016 06:09:50 UTC] PHP   2. mysql_fetch_row() /home/ubuntu/workspace/project/projectMingYu_MVC/views/detail.php:136
[18-Jul-2016 06:11:13 UTC] PHP Warning:  mysql_fetch_row() expects parameter 1 to be resource, null given in /home/ubuntu/workspace/project/projectMingYu_MVC/views/detail.php on line 136
[18-Jul-2016 06:11:13 UTC] PHP Stack trace:
[18-Jul-2016 06:11:13 UTC] PHP   1. {main}() /home/ubuntu/workspace/project/projectMingYu_MVC/views/detail.php:0
[18-Jul-2016 06:11:13 UTC] PHP   2. mysql_fetch_row() /home/ubuntu/workspace/project/projectMingYu_MVC/views/detail.php:136
[18-Jul-2016 06:18:49 UTC] PHP Warning:  mysql_fetch_row() expects parameter 1 to be resource, null given in /home/ubuntu/workspace/project/projectMingYu_MVC/views/detail.php on line 136
[18-Jul-2016 06:18:49 UTC] PHP Stack trace:
[18-Jul-2016 06:18:49 UTC] PHP   1. {main}() /home/ubuntu/workspace/project/projectMingYu_MVC/views/detail.php:0
[18-Jul-2016 06:18:49 UTC] PHP   2. mysql_fetch_row() /home/ubuntu/workspace/project/projectMingYu_MVC/views/detail.php:136
[19-Jul-2016 02:23:51 UTC] PHP Fatal error:  Call to undefined function orderform_content() in /home/ubuntu/workspace/project/projectMingYu_class/controllers/actionOrderform.php on line 25
[19-Jul-2016 02:23:51 UTC] PHP Stack trace:
[19-Jul-2016 02:23:51 UTC] PHP   1. {main}() /home/ubuntu/workspace/project/projectMingYu_class/views/orderform.php:0
[19-Jul-2016 02:23:51 UTC] PHP   2. include() /home/ubuntu/workspace/project/projectMingYu_class/views/orderform.php:2
[19-Jul-2016 03:53:57 UTC] PHP Fatal error:  Call to undefined function orderform_content() in /home/ubuntu/workspace/project/projectMingYu_class/controllers/actionOrderform.php on line 25
[19-Jul-2016 03:53:57 UTC] PHP Stack trace:
[19-Jul-2016 03:53:57 UTC] PHP   1. {main}() /home/ubuntu/workspace/project/projectMingYu_class/views/orderform.php:0
[19-Jul-2016 03:53:57 UTC] PHP   2. include() /home/ubuntu/workspace/project/projectMingYu_class/views/orderform.php:2
[19-Jul-2016 03:54:38 UTC] PHP Fatal error:  Call to undefined function orderform_content() in /home/ubuntu/workspace/project/projectMingYu_class/controllers/actionOrderform.php on line 25
[19-Jul-2016 03:54:38 UTC] PHP Stack trace:
[19-Jul-2016 03:54:38 UTC] PHP   1. {main}() /home/ubuntu/workspace/project/projectMingYu_class/views/orderform.php:0
[19-Jul-2016 03:54:38 UTC] PHP   2. include() /home/ubuntu/workspace/project/projectMingYu_class/views/orderform.php:2
[19-Jul-2016 03:54:39 UTC] PHP Fatal error:  Call to undefined function orderform_content() in /home/ubuntu/workspace/project/projectMingYu_class/controllers/actionOrderform.php on line 25
[19-Jul-2016 03:54:39 UTC] PHP Stack trace:
[19-Jul-2016 03:54:39 UTC] PHP   1. {main}() /home/ubuntu/workspace/project/projectMingYu_class/views/orderform.php:0
[19-Jul-2016 03:54:39 UTC] PHP   2. include() /home/ubuntu/workspace/project/projectMingYu_class/views/orderform.php:2
[19-Jul-2016 03:54:40 UTC] PHP Fatal error:  Call to undefined function orderform_content() in /home/ubuntu/workspace/project/projectMingYu_class/controllers/actionOrderform.php on line 25
[19-Jul-2016 03:54:40 UTC] PHP Stack trace:
[19-Jul-2016 03:54:40 UTC] PHP   1. {main}() /home/ubuntu/workspace/project/projectMingYu_class/views/orderform.php:0
[19-Jul-2016 03:54:40 UTC] PHP   2. include() /home/ubuntu/workspace/project/projectMingYu_class/views/orderform.php:2
[19-Jul-2016 03:55:49 UTC] PHP Warning:  mysql_num_rows() expects parameter 1 to be resource, object given in /home/ubuntu/workspace/project/projectMingYu_class/controllers/actionOrderform.php on line 28
[19-Jul-2016 03:55:49 UTC] PHP Stack trace:
[19-Jul-2016 03:55:49 UTC] PHP   1. {main}() /home/ubuntu/workspace/project/projectMingYu_class/views/orderform.php:0
[19-Jul-2016 03:55:49 UTC] PHP   2. include() /home/ubuntu/workspace/project/projectMingYu_class/views/orderform.php:2
[19-Jul-2016 03:55:49 UTC] PHP   3. mysql_num_rows() /home/ubuntu/workspace/project/projectMingYu_class/controllers/actionOrderform.php:28
[19-Jul-2016 03:55:49 UTC] PHP Fatal error:  Call to undefined function orderform_content() in /home/ubuntu/workspace/project/projectMingYu_class/controllers/actionOrderform.php on line 65
[19-Jul-2016 03:55:49 UTC] PHP Stack trace:
[19-Jul-2016 03:55:49 UTC] PHP   1. {main}() /home/ubuntu/workspace/project/projectMingYu_class/views/orderform.php:0
[19-Jul-2016 03:55:49 UTC] PHP   2. include() /home/ubuntu/workspace/project/projectMingYu_class/views/orderform.php:2
[19-Jul-2016 03:56:59 UTC] PHP Fatal error:  Call to undefined function orderform_content() in /home/ubuntu/workspace/project/projectMingYu_class/controllers/actionOrderform.php on line 25
[19-Jul-2016 03:56:59 UTC] PHP Stack trace:
[19-Jul-2016 03:56:59 UTC] PHP   1. {main}() /home/ubuntu/workspace/project/projectMingYu_class/views/orderform.php:0
[19-Jul-2016 03:56:59 UTC] PHP   2. include() /home/ubuntu/workspace/project/projectMingYu_class/views/orderform.php:2
[19-Jul-2016 03:57:17 UTC] PHP Warning:  mysql_fetch_row() expects parameter 1 to be resource, null given in /home/ubuntu/workspace/project/projectMingYu_class/views/orderform.php on line 164
[19-Jul-2016 03:57:17 UTC] PHP Stack trace:
[19-Jul-2016 03:57:17 UTC] PHP   1. {main}() /home/ubuntu/workspace/project/projectMingYu_class/views/orderform.php:0
[19-Jul-2016 03:57:17 UTC] PHP   2. mysql_fetch_row() /home/ubuntu/workspace/project/projectMingYu_class/views/orderform.php:164
[19-Jul-2016 03:57:45 UTC] PHP Warning:  mysql_fetch_row() expects parameter 1 to be resource, null given in /home/ubuntu/workspace/project/projectMingYu_class/views/orderform.php on line 164
[19-Jul-2016 03:57:45 UTC] PHP Stack trace:
[19-Jul-2016 03:57:45 UTC] PHP   1. {main}() /home/ubuntu/workspace/project/projectMingYu_class/views/orderform.php:0
[19-Jul-2016 03:57:45 UTC] PHP   2. mysql_fetch_row() /home/ubuntu/workspace/project/projectMingYu_class/views/orderform.php:164
[19-Jul-2016 06:21:12 UTC] PHP Fatal error:  Call to undefined function orderform_content() in /home/ubuntu/workspace/project/projectMingYu_class/controllers/actionOrderform.php on line 25
[19-Jul-2016 06:21:12 UTC] PHP Stack trace:
[19-Jul-2016 06:21:12 UTC] PHP   1. {main}() /home/ubuntu/workspace/project/projectMingYu_class/views/orderform.php:0
[19-Jul-2016 06:21:12 UTC] PHP   2. include() /home/ubuntu/workspace/project/projectMingYu_class/views/orderform.php:2
[19-Jul-2016 07:01:32 UTC] PHP Parse error:  syntax error, unexpected '=' in /home/ubuntu/workspace/project/projectMingYu_class/controllers/actionDetail.php on line 49
[19-Jul-2016 07:01:32 UTC] PHP Stack trace:
[19-Jul-2016 07:01:32 UTC] PHP   1. {main}() /home/ubuntu/workspace/project/projectMingYu_class/views/detail.php:0
[20-Jul-2016 01:30:31 UTC] PHP Fatal error:  Cannot use object of type client as array in /home/ubuntu/workspace/project/projectMingYu_class/controllers/actionOrderform.php on line 92
[20-Jul-2016 01:30:31 UTC] PHP Stack trace:
[20-Jul-2016 01:30:31 UTC] PHP   1. {main}() /home/ubuntu/workspace/project/projectMingYu_class/controllers/actionOrderform.php:0
[20-Jul-2016 01:30:31 UTC] PHP   2. increment_clientID() /home/ubuntu/workspace/project/projectMingYu_class/controllers/actionOrderform.php:60
[20-Jul-2016 02:07:48 UTC] PHP Warning:  mysql_num_rows() expects parameter 1 to be resource, null given in /home/ubuntu/workspace/project/projectMingYu_class/controllers/actionDetail.php on line 37
[20-Jul-2016 02:07:48 UTC] PHP Stack trace:
[20-Jul-2016 02:07:48 UTC] PHP   1. {main}() /home/ubuntu/workspace/project/projectMingYu_class/views/detail.php:0
[20-Jul-2016 02:07:48 UTC] PHP   2. require_once() /home/ubuntu/workspace/project/projectMingYu_class/views/detail.php:2
[20-Jul-2016 02:07:48 UTC] PHP   3. mysql_num_rows() /home/ubuntu/workspace/project/projectMingYu_class/controllers/actionDetail.php:37
[20-Jul-2016 02:07:48 UTC] PHP Fatal error:  Call to undefined function detail_content() in /home/ubuntu/workspace/project/projectMingYu_class/controllers/actionDetail.php on line 48
[20-Jul-2016 02:07:48 UTC] PHP Stack trace:
[20-Jul-2016 02:07:48 UTC] PHP   1. {main}() /home/ubuntu/workspace/project/projectMingYu_class/views/detail.php:0
[20-Jul-2016 02:07:48 UTC] PHP   2. require_once() /home/ubuntu/workspace/project/projectMingYu_class/views/detail.php:2
[20-Jul-2016 02:08:12 UTC] PHP Fatal error:  Call to undefined function detail_content() in /home/ubuntu/workspace/project/projectMingYu_class/controllers/actionDetail.php on line 48
[20-Jul-2016 02:08:12 UTC] PHP Stack trace:
[20-Jul-2016 02:08:12 UTC] PHP   1. {main}() /home/ubuntu/workspace/project/projectMingYu_class/views/detail.php:0
[20-Jul-2016 02:08:12 UTC] PHP   2. require_once() /home/ubuntu/workspace/project/projectMingYu_class/views/detail.php:2
[20-Jul-2016 03:27:49 UTC] PHP Warning:  mysql_fetch_row() expects parameter 1 to be resource, null given in /home/ubuntu/workspace/project/projectMingYu_class/views/detail.php on line 230
[20-Jul-2016 03:27:49 UTC] PHP Stack trace:
[20-Jul-2016 03:27:49 UTC] PHP   1. {main}() /home/ubuntu/workspace/project/projectMingYu_class/views/detail.php:0
[20-Jul-2016 03:27:49 UTC] PHP   2. mysql_fetch_row() /home/ubuntu/workspace/project/projectMingYu_class/views/detail.php:230
[20-Jul-2016 03:27:53 UTC] PHP Warning:  mysql_fetch_row() expects parameter 1 to be resource, null given in /home/ubuntu/workspace/project/projectMingYu_class/views/detail.php on line 230
[20-Jul-2016 03:27:53 UTC] PHP Stack trace:
[20-Jul-2016 03:27:53 UTC] PHP   1. {main}() /home/ubuntu/workspace/project/projectMingYu_class/views/detail.php:0
[20-Jul-2016 03:27:53 UTC] PHP   2. mysql_fetch_row() /home/ubuntu/workspace/project/projectMingYu_class/views/detail.php:230
[22-Jul-2016 04:20:39 UTC] PHP Fatal error:  Call to undefined function selectUser() in /home/ubuntu/workspace/project/projectMingYu_obj/controllers/actionLogin.php on line 12
[22-Jul-2016 04:20:39 UTC] PHP Stack trace:
[22-Jul-2016 04:20:39 UTC] PHP   1. {main}() /home/ubuntu/workspace/project/projectMingYu_obj/controllers/actionLogin.php:0
[22-Jul-2016 04:20:40 UTC] PHP Fatal error:  Call to undefined function selectUser() in /home/ubuntu/workspace/project/projectMingYu_obj/controllers/actionLogin.php on line 12
[22-Jul-2016 04:20:40 UTC] PHP Stack trace:
[22-Jul-2016 04:20:40 UTC] PHP   1. {main}() /home/ubuntu/workspace/project/projectMingYu_obj/controllers/actionLogin.php:0
[22-Jul-2016 05:35:42 UTC] PHP Warning:  mysql_connect(): Access denied for user ''@'localhost' (using password: NO) in /home/ubuntu/workspace/project/projectMingYu_obj/models/connect.php on line 16
[22-Jul-2016 05:35:42 UTC] PHP Stack trace:
[22-Jul-2016 05:35:42 UTC] PHP   1. {main}() /home/ubuntu/workspace/project/projectMingYu_obj/controllers/actionLogin.php:0
[22-Jul-2016 05:35:42 UTC] PHP   2. orderform->selectUser() /home/ubuntu/workspace/project/projectMingYu_obj/controllers/actionLogin.php:13
[22-Jul-2016 05:35:42 UTC] PHP   3. DB->connect_db() /home/ubuntu/workspace/project/projectMingYu_obj/models/selectUser.php:10
[22-Jul-2016 05:35:42 UTC] PHP   4. mysql_connect() /home/ubuntu/workspace/project/projectMingYu_obj/models/connect.php:16
[22-Jul-2016 05:46:42 UTC] PHP Parse error:  syntax error, unexpected '=', expecting ',' or ';' in /home/ubuntu/workspace/project/projectMingYu_obj/models/DB_data.php on line 2
[22-Jul-2016 05:46:42 UTC] PHP Stack trace:
[22-Jul-2016 05:46:42 UTC] PHP   1. {main}() /home/ubuntu/workspace/project/projectMingYu_obj/controllers/actionLogin.php:0
[22-Jul-2016 05:46:42 UTC] PHP   2. include_once() /home/ubuntu/workspace/project/projectMingYu_obj/controllers/actionLogin.php:4
[22-Jul-2016 05:47:12 UTC] PHP Warning:  mysql_connect(): Access denied for user ''@'localhost' (using password: NO) in /home/ubuntu/workspace/project/projectMingYu_obj/models/connect.php on line 16
[22-Jul-2016 05:47:12 UTC] PHP Stack trace:
[22-Jul-2016 05:47:12 UTC] PHP   1. {main}() /home/ubuntu/workspace/project/projectMingYu_obj/controllers/actionLogin.php:0
[22-Jul-2016 05:47:12 UTC] PHP   2. orderform->selectUser() /home/ubuntu/workspace/project/projectMingYu_obj/controllers/actionLogin.php:13
[22-Jul-2016 05:47:12 UTC] PHP   3. DB->connect_db() /home/ubuntu/workspace/project/projectMingYu_obj/models/selectUser.php:11
[22-Jul-2016 05:47:12 UTC] PHP   4. mysql_connect() /home/ubuntu/workspace/project/projectMingYu_obj/models/connect.php:16
[22-Jul-2016 05:51:04 UTC] PHP Warning:  mysql_connect(): Access denied for user ''@'localhost' (using password: NO) in /home/ubuntu/workspace/project/projectMingYu_obj/models/connect.php on line 16
[22-Jul-2016 05:51:04 UTC] PHP Stack trace:
[22-Jul-2016 05:51:04 UTC] PHP   1. {main}() /home/ubuntu/workspace/project/projectMingYu_obj/controllers/actionLogin.php:0
[22-Jul-2016 05:51:04 UTC] PHP   2. orderform->selectUser() /home/ubuntu/workspace/project/projectMingYu_obj/controllers/actionLogin.php:13
[22-Jul-2016 05:51:04 UTC] PHP   3. DB->connect_db() /home/ubuntu/workspace/project/projectMingYu_obj/models/selectUser.php:11
[22-Jul-2016 05:51:04 UTC] PHP   4. mysql_connect() /home/ubuntu/workspace/project/projectMingYu_obj/models/connect.php:16
[22-Jul-2016 05:53:24 UTC] PHP Warning:  mysql_connect(): Access denied for user ''@'localhost' (using password: NO) in /home/ubuntu/workspace/project/projectMingYu_obj/models/connect.php on line 14
[22-Jul-2016 05:53:24 UTC] PHP Stack trace:
[22-Jul-2016 05:53:24 UTC] PHP   1. {main}() /home/ubuntu/workspace/project/projectMingYu_obj/controllers/actionLogin.php:0
[22-Jul-2016 05:53:24 UTC] PHP   2. orderform->selectUser() /home/ubuntu/workspace/project/projectMingYu_obj/controllers/actionLogin.php:13
[22-Jul-2016 05:53:24 UTC] PHP   3. DB->connect_db() /home/ubuntu/workspace/project/projectMingYu_obj/models/selectUser.php:11
[22-Jul-2016 05:53:24 UTC] PHP   4. mysql_connect() /home/ubuntu/workspace/project/projectMingYu_obj/models/connect.php:14
[22-Jul-2016 05:54:23 UTC] PHP Warning:  mysql_connect(): Access denied for user ''@'localhost' (using password: NO) in /home/ubuntu/workspace/project/projectMingYu_obj/models/connect.php on line 14
[22-Jul-2016 05:54:23 UTC] PHP Stack trace:
[22-Jul-2016 05:54:23 UTC] PHP   1. {main}() /home/ubuntu/workspace/project/projectMingYu_obj/controllers/actionLogin.php:0
[22-Jul-2016 05:54:23 UTC] PHP   2. orderform->selectUser() /home/ubuntu/workspace/project/projectMingYu_obj/controllers/actionLogin.php:13
[22-Jul-2016 05:54:23 UTC] PHP   3. DB->connect_db() /home/ubuntu/workspace/project/projectMingYu_obj/models/selectUser.php:11
[22-Jul-2016 05:54:23 UTC] PHP   4. mysql_connect() /home/ubuntu/workspace/project/projectMingYu_obj/models/connect.php:14
[22-Jul-2016 05:55:24 UTC] PHP Warning:  mysql_connect(): Access denied for user ''@'localhost' (using password: NO) in /home/ubuntu/workspace/project/projectMingYu_obj/models/connect.php on line 14
[22-Jul-2016 05:55:24 UTC] PHP Stack trace:
[22-Jul-2016 05:55:24 UTC] PHP   1. {main}() /home/ubuntu/workspace/project/projectMingYu_obj/controllers/actionLogin.php:0
[22-Jul-2016 05:55:24 UTC] PHP   2. orderform->selectUser() /home/ubuntu/workspace/project/projectMingYu_obj/controllers/actionLogin.php:13
[22-Jul-2016 05:55:24 UTC] PHP   3. DB->connect_db() /home/ubuntu/workspace/project/projectMingYu_obj/models/selectUser.php:11
[22-Jul-2016 05:55:24 UTC] PHP   4. mysql_connect() /home/ubuntu/workspace/project/projectMingYu_obj/models/connect.php:14
[22-Jul-2016 05:55:34 UTC] PHP Warning:  mysql_connect(): Access denied for user ''@'localhost' (using password: NO) in /home/ubuntu/workspace/project/projectMingYu_obj/models/connect.php on line 14
[22-Jul-2016 05:55:34 UTC] PHP Stack trace:
[22-Jul-2016 05:55:34 UTC] PHP   1. {main}() /home/ubuntu/workspace/project/projectMingYu_obj/controllers/actionLogin.php:0
[22-Jul-2016 05:55:34 UTC] PHP   2. orderform->selectUser() /home/ubuntu/workspace/project/projectMingYu_obj/controllers/actionLogin.php:13
[22-Jul-2016 05:55:34 UTC] PHP   3. DB->connect_db() /home/ubuntu/workspace/project/projectMingYu_obj/models/selectUser.php:11
[22-Jul-2016 05:55:34 UTC] PHP   4. mysql_connect() /home/ubuntu/workspace/project/projectMingYu_obj/models/connect.php:14
[22-Jul-2016 05:57:20 UTC] PHP Warning:  mysql_connect(): Access denied for user ''@'localhost' (using password: NO) in /home/ubuntu/workspace/project/projectMingYu_obj/models/connect.php on line 18
[22-Jul-2016 05:57:20 UTC] PHP Stack trace:
[22-Jul-2016 05:57:20 UTC] PHP   1. {main}() /home/ubuntu/workspace/project/projectMingYu_obj/controllers/actionLogin.php:0
[22-Jul-2016 05:57:20 UTC] PHP   2. orderform->selectUser() /home/ubuntu/workspace/project/projectMingYu_obj/controllers/actionLogin.php:13
[22-Jul-2016 05:57:20 UTC] PHP   3. DB->connect_db() /home/ubuntu/workspace/project/projectMingYu_obj/models/selectUser.php:11
[22-Jul-2016 05:57:20 UTC] PHP   4. mysql_connect() /home/ubuntu/workspace/project/projectMingYu_obj/models/connect.php:18
[22-Jul-2016 06:00:14 UTC] PHP Warning:  mysql_connect(): Access denied for user ''@'localhost' (using password: NO) in /home/ubuntu/workspace/project/projectMingYu_obj/models/connect.php on line 14
[22-Jul-2016 06:00:14 UTC] PHP Stack trace:
[22-Jul-2016 06:00:14 UTC] PHP   1. {main}() /home/ubuntu/workspace/project/projectMingYu_obj/controllers/actionLogin.php:0
[22-Jul-2016 06:00:14 UTC] PHP   2. orderform->selectUser() /home/ubuntu/workspace/project/projectMingYu_obj/controllers/actionLogin.php:13
[22-Jul-2016 06:00:14 UTC] PHP   3. DB->connect_db() /home/ubuntu/workspace/project/projectMingYu_obj/models/selectUser.php:11
[22-Jul-2016 06:00:14 UTC] PHP   4. mysql_connect() /home/ubuntu/workspace/project/projectMingYu_obj/models/connect.php:14
[22-Jul-2016 06:05:58 UTC] PHP Warning:  mysql_connect(): Access denied for user ''@'localhost' (using password: NO) in /home/ubuntu/workspace/project/projectMingYu_obj/models/connect.php on line 14
[22-Jul-2016 06:05:58 UTC] PHP Stack trace:
[22-Jul-2016 06:05:58 UTC] PHP   1. {main}() /home/ubuntu/workspace/project/projectMingYu_obj/controllers/actionLogin.php:0
[22-Jul-2016 06:05:58 UTC] PHP   2. orderform->selectUser() /home/ubuntu/workspace/project/projectMingYu_obj/controllers/actionLogin.php:13
[22-Jul-2016 06:05:58 UTC] PHP   3. DB->connect_db() /home/ubuntu/workspace/project/projectMingYu_obj/models/selectUser.php:11
[22-Jul-2016 06:05:58 UTC] PHP   4. mysql_connect() /home/ubuntu/workspace/project/projectMingYu_obj/models/connect.php:14
[22-Jul-2016 06:07:03 UTC] PHP Warning:  mysql_connect(): Access denied for user ''@'localhost' (using password: NO) in /home/ubuntu/workspace/project/projectMingYu_obj/models/connect.php on line 14
[22-Jul-2016 06:07:03 UTC] PHP Stack trace:
[22-Jul-2016 06:07:03 UTC] PHP   1. {main}() /home/ubuntu/workspace/project/projectMingYu_obj/controllers/actionLogin.php:0
[22-Jul-2016 06:07:03 UTC] PHP   2. orderform->selectUser() /home/ubuntu/workspace/project/projectMingYu_obj/controllers/actionLogin.php:13
[22-Jul-2016 06:07:03 UTC] PHP   3. DB->connect_db() /home/ubuntu/workspace/project/projectMingYu_obj/models/selectUser.php:11
[22-Jul-2016 06:07:03 UTC] PHP   4. mysql_connect() /home/ubuntu/workspace/project/projectMingYu_obj/models/connect.php:14
[22-Jul-2016 06:08:01 UTC] PHP Warning:  mysql_connect(): Access denied for user ''@'localhost' (using password: NO) in /home/ubuntu/workspace/project/projectMingYu_obj/models/connect.php on line 14
[22-Jul-2016 06:08:01 UTC] PHP Stack trace:
[22-Jul-2016 06:08:01 UTC] PHP   1. {main}() /home/ubuntu/workspace/project/projectMingYu_obj/controllers/actionLogin.php:0
[22-Jul-2016 06:08:01 UTC] PHP   2. orderform->selectUser() /home/ubuntu/workspace/project/projectMingYu_obj/controllers/actionLogin.php:13
[22-Jul-2016 06:08:01 UTC] PHP   3. DB->connect_db() /home/ubuntu/workspace/project/projectMingYu_obj/models/selectUser.php:11
[22-Jul-2016 06:08:01 UTC] PHP   4. mysql_connect() /home/ubuntu/workspace/project/projectMingYu_obj/models/connect.php:14
[22-Jul-2016 06:09:17 UTC] PHP Fatal error:  Call to a member function query() on a non-object in /home/ubuntu/workspace/project/projectMingYu_obj/models/selectUser.php on line 16
[22-Jul-2016 06:09:17 UTC] PHP Stack trace:
[22-Jul-2016 06:09:17 UTC] PHP   1. {main}() /home/ubuntu/workspace/project/projectMingYu_obj/controllers/actionLogin.php:0
[22-Jul-2016 06:09:17 UTC] PHP   2. orderform->selectUser() /home/ubuntu/workspace/project/projectMingYu_obj/controllers/actionLogin.php:13
[22-Jul-2016 06:11:53 UTC] PHP Fatal error:  Call to a member function query() on a non-object in /home/ubuntu/workspace/project/projectMingYu_obj/models/selectUser.php on line 16
[22-Jul-2016 06:11:53 UTC] PHP Stack trace:
[22-Jul-2016 06:11:53 UTC] PHP   1. {main}() /home/ubuntu/workspace/project/projectMingYu_obj/controllers/actionLogin.php:0
[22-Jul-2016 06:11:53 UTC] PHP   2. orderform->selectUser() /home/ubuntu/workspace/project/projectMingYu_obj/controllers/actionLogin.php:13
[22-Jul-2016 06:13:24 UTC] PHP Fatal error:  Call to a member function query() on a non-object in /home/ubuntu/workspace/project/projectMingYu_obj/models/selectUser.php on line 16
[22-Jul-2016 06:13:24 UTC] PHP Stack trace:
[22-Jul-2016 06:13:24 UTC] PHP   1. {main}() /home/ubuntu/workspace/project/projectMingYu_obj/controllers/actionLogin.php:0
[22-Jul-2016 06:13:24 UTC] PHP   2. orderform->selectUser() /home/ubuntu/workspace/project/projectMingYu_obj/controllers/actionLogin.php:13
[22-Jul-2016 06:19:07 UTC] PHP Warning:  mysql_query() expects parameter 2 to be resource, null given in /home/ubuntu/workspace/project/projectMingYu_obj/models/connect.php on line 23
[22-Jul-2016 06:19:07 UTC] PHP Stack trace:
[22-Jul-2016 06:19:07 UTC] PHP   1. {main}() /home/ubuntu/workspace/project/projectMingYu_obj/controllers/actionLogin.php:0
[22-Jul-2016 06:19:07 UTC] PHP   2. orderform->selectUser() /home/ubuntu/workspace/project/projectMingYu_obj/controllers/actionLogin.php:13
[22-Jul-2016 06:19:07 UTC] PHP   3. DB->query() /home/ubuntu/workspace/project/projectMingYu_obj/models/selectUser.php:18
[22-Jul-2016 06:19:07 UTC] PHP   4. mysql_query() /home/ubuntu/workspace/project/projectMingYu_obj/models/connect.php:23
[22-Jul-2016 06:20:42 UTC] PHP Warning:  mysql_query() expects parameter 2 to be resource, null given in /home/ubuntu/workspace/project/projectMingYu_obj/models/connect.php on line 23
[22-Jul-2016 06:20:42 UTC] PHP Stack trace:
[22-Jul-2016 06:20:42 UTC] PHP   1. {main}() /home/ubuntu/workspace/project/projectMingYu_obj/controllers/actionLogin.php:0
[22-Jul-2016 06:20:42 UTC] PHP   2. orderform->selectUser() /home/ubuntu/workspace/project/projectMingYu_obj/controllers/actionLogin.php:13
[22-Jul-2016 06:20:42 UTC] PHP   3. DB->query() /home/ubuntu/workspace/project/projectMingYu_obj/models/selectUser.php:18
[22-Jul-2016 06:20:42 UTC] PHP   4. mysql_query() /home/ubuntu/workspace/project/projectMingYu_obj/models/connect.php:23
[22-Jul-2016 06:22:57 UTC] PHP Warning:  mysql_query() expects parameter 2 to be resource, null given in /home/ubuntu/workspace/project/projectMingYu_obj/models/connect.php on line 23
[22-Jul-2016 06:22:57 UTC] PHP Stack trace:
[22-Jul-2016 06:22:57 UTC] PHP   1. {main}() /home/ubuntu/workspace/project/projectMingYu_obj/controllers/actionLogin.php:0
[22-Jul-2016 06:22:57 UTC] PHP   2. orderform->selectUser() /home/ubuntu/workspace/project/projectMingYu_obj/controllers/actionLogin.php:13
[22-Jul-2016 06:22:57 UTC] PHP   3. DB->query() /home/ubuntu/workspace/project/projectMingYu_obj/models/selectUser.php:18
[22-Jul-2016 06:22:57 UTC] PHP   4. mysql_query() /home/ubuntu/workspace/project/projectMingYu_obj/models/connect.php:23
[22-Jul-2016 06:23:37 UTC] PHP Warning:  mysql_query() expects parameter 2 to be resource, null given in /home/ubuntu/workspace/project/projectMingYu_obj/models/connect.php on line 23
[22-Jul-2016 06:23:37 UTC] PHP Stack trace:
[22-Jul-2016 06:23:37 UTC] PHP   1. {main}() /home/ubuntu/workspace/project/projectMingYu_obj/controllers/actionLogin.php:0
[22-Jul-2016 06:23:37 UTC] PHP   2. orderform->selectUser() /home/ubuntu/workspace/project/projectMingYu_obj/controllers/actionLogin.php:13
[22-Jul-2016 06:23:37 UTC] PHP   3. DB->query() /home/ubuntu/workspace/project/projectMingYu_obj/models/selectUser.php:18
[22-Jul-2016 06:23:37 UTC] PHP   4. mysql_query() /home/ubuntu/workspace/project/projectMingYu_obj/models/connect.php:23
[22-Jul-2016 06:24:10 UTC] PHP Warning:  mysql_query() expects parameter 2 to be resource, null given in /home/ubuntu/workspace/project/projectMingYu_obj/models/connect.php on line 23
[22-Jul-2016 06:24:10 UTC] PHP Stack trace:
[22-Jul-2016 06:24:10 UTC] PHP   1. {main}() /home/ubuntu/workspace/project/projectMingYu_obj/controllers/actionLogin.php:0
[22-Jul-2016 06:24:10 UTC] PHP   2. orderform->selectUser() /home/ubuntu/workspace/project/projectMingYu_obj/controllers/actionLogin.php:13
[22-Jul-2016 06:24:10 UTC] PHP   3. DB->query() /home/ubuntu/workspace/project/projectMingYu_obj/models/selectUser.php:18
[22-Jul-2016 06:24:10 UTC] PHP   4. mysql_query() /home/ubuntu/workspace/project/projectMingYu_obj/models/connect.php:23
[22-Jul-2016 06:25:09 UTC] PHP Warning:  mysql_query() expects parameter 2 to be resource, null given in /home/ubuntu/workspace/project/projectMingYu_obj/models/connect.php on line 23
[22-Jul-2016 06:25:09 UTC] PHP Stack trace:
[22-Jul-2016 06:25:09 UTC] PHP   1. {main}() /home/ubuntu/workspace/project/projectMingYu_obj/controllers/actionLogin.php:0
[22-Jul-2016 06:25:09 UTC] PHP   2. orderform->selectUser() /home/ubuntu/workspace/project/projectMingYu_obj/controllers/actionLogin.php:13
[22-Jul-2016 06:25:09 UTC] PHP   3. DB->query() /home/ubuntu/workspace/project/projectMingYu_obj/models/selectUser.php:18
[22-Jul-2016 06:25:09 UTC] PHP   4. mysql_query() /home/ubuntu/workspace/project/projectMingYu_obj/models/connect.php:23
[22-Jul-2016 06:28:11 UTC] PHP Warning:  mysql_query() expects parameter 2 to be resource, object given in /home/ubuntu/workspace/project/projectMingYu_obj/models/connect.php on line 23
[22-Jul-2016 06:28:11 UTC] PHP Stack trace:
[22-Jul-2016 06:28:11 UTC] PHP   1. {main}() /home/ubuntu/workspace/project/projectMingYu_obj/controllers/actionLogin.php:0
[22-Jul-2016 06:28:11 UTC] PHP   2. orderform->selectUser() /home/ubuntu/workspace/project/projectMingYu_obj/controllers/actionLogin.php:13
[22-Jul-2016 06:28:11 UTC] PHP   3. DB->query() /home/ubuntu/workspace/project/projectMingYu_obj/models/selectUser.php:18
[22-Jul-2016 06:28:11 UTC] PHP   4. mysql_query() /home/ubuntu/workspace/project/projectMingYu_obj/models/connect.php:23
[22-Jul-2016 06:28:52 UTC] PHP Warning:  mysql_query() expects parameter 2 to be resource, boolean given in /home/ubuntu/workspace/project/projectMingYu_obj/models/connect.php on line 23
[22-Jul-2016 06:28:52 UTC] PHP Stack trace:
[22-Jul-2016 06:28:52 UTC] PHP   1. {main}() /home/ubuntu/workspace/project/projectMingYu_obj/controllers/actionLogin.php:0
[22-Jul-2016 06:28:52 UTC] PHP   2. orderform->selectUser() /home/ubuntu/workspace/project/projectMingYu_obj/controllers/actionLogin.php:13
[22-Jul-2016 06:28:52 UTC] PHP   3. DB->query() /home/ubuntu/workspace/project/projectMingYu_obj/models/selectUser.php:18
[22-Jul-2016 06:28:52 UTC] PHP   4. mysql_query() /home/ubuntu/workspace/project/projectMingYu_obj/models/connect.php:23
[22-Jul-2016 06:30:58 UTC] PHP Warning:  mysql_query() expects parameter 2 to be resource, null given in /home/ubuntu/workspace/project/projectMingYu_obj/models/connect.php on line 23
[22-Jul-2016 06:30:58 UTC] PHP Stack trace:
[22-Jul-2016 06:30:58 UTC] PHP   1. {main}() /home/ubuntu/workspace/project/projectMingYu_obj/controllers/actionLogin.php:0
[22-Jul-2016 06:30:58 UTC] PHP   2. orderform->selectUser() /home/ubuntu/workspace/project/projectMingYu_obj/controllers/actionLogin.php:13
[22-Jul-2016 06:30:58 UTC] PHP   3. DB->query() /home/ubuntu/workspace/project/projectMingYu_obj/models/selectUser.php:18
[22-Jul-2016 06:30:58 UTC] PHP   4. mysql_query() /home/ubuntu/workspace/project/projectMingYu_obj/models/connect.php:23
[22-Jul-2016 06:33:27 UTC] PHP Warning:  mysql_query() expects parameter 2 to be resource, null given in /home/ubuntu/workspace/project/projectMingYu_obj/models/connect.php on line 23
[22-Jul-2016 06:33:27 UTC] PHP Stack trace:
[22-Jul-2016 06:33:27 UTC] PHP   1. {main}() /home/ubuntu/workspace/project/projectMingYu_obj/controllers/actionLogin.php:0
[22-Jul-2016 06:33:27 UTC] PHP   2. orderform->selectUser() /home/ubuntu/workspace/project/projectMingYu_obj/controllers/actionLogin.php:13
[22-Jul-2016 06:33:27 UTC] PHP   3. DB->query() /home/ubuntu/workspace/project/projectMingYu_obj/models/selectUser.php:18
[22-Jul-2016 06:33:27 UTC] PHP   4. mysql_query() /home/ubuntu/workspace/project/projectMingYu_obj/models/connect.php:23
[22-Jul-2016 07:04:25 UTC] PHP Fatal error:  Call to undefined method DB::connect_db() in /home/ubuntu/workspace/project/projectMingYu_obj/models/selectUser.php on line 16
[22-Jul-2016 07:04:25 UTC] PHP Stack trace:
[22-Jul-2016 07:04:25 UTC] PHP   1. {main}() /home/ubuntu/workspace/project/projectMingYu_obj/controllers/actionLogin.php:0
[22-Jul-2016 07:04:25 UTC] PHP   2. orderform->selectUser() /home/ubuntu/workspace/project/projectMingYu_obj/controllers/actionLogin.php:13
[22-Jul-2016 07:05:32 UTC] PHP Fatal error:  Call to undefined method DB::connect_db() in /home/ubuntu/workspace/project/projectMingYu_obj/models/selectUser.php on line 16
[22-Jul-2016 07:05:32 UTC] PHP Stack trace:
[22-Jul-2016 07:05:32 UTC] PHP   1. {main}() /home/ubuntu/workspace/project/projectMingYu_obj/controllers/actionLogin.php:0
[22-Jul-2016 07:05:32 UTC] PHP   2. orderform->selectUser() /home/ubuntu/workspace/project/projectMingYu_obj/controllers/actionLogin.php:13
[22-Jul-2016 07:17:37 UTC] PHP Fatal error:  Call to undefined method DB::connect_db() in /home/ubuntu/workspace/project/projectMingYu_obj/models/selectUser.php on line 16
[22-Jul-2016 07:17:37 UTC] PHP Stack trace:
[22-Jul-2016 07:17:37 UTC] PHP   1. {main}() /home/ubuntu/workspace/project/projectMingYu_obj/controllers/actionLogin.php:0
[22-Jul-2016 07:17:37 UTC] PHP   2. orderform->selectUser() /home/ubuntu/workspace/project/projectMingYu_obj/controllers/actionLogin.php:13
[22-Jul-2016 07:19:15 UTC] PHP Warning:  mysql_connect(): Access denied for user ''@'localhost' (using password: NO) in /home/ubuntu/workspace/project/projectMingYu_obj/models/connect.php on line 21
[22-Jul-2016 07:19:15 UTC] PHP Stack trace:
[22-Jul-2016 07:19:15 UTC] PHP   1. {main}() /home/ubuntu/workspace/project/projectMingYu_obj/controllers/actionLogin.php:0
[22-Jul-2016 07:19:15 UTC] PHP   2. orderform->selectUser() /home/ubuntu/workspace/project/projectMingYu_obj/controllers/actionLogin.php:13
[22-Jul-2016 07:19:15 UTC] PHP   3. DB->connect() /home/ubuntu/workspace/project/projectMingYu_obj/models/selectUser.php:16
[22-Jul-2016 07:19:15 UTC] PHP   4. mysql_connect() /home/ubuntu/workspace/project/projectMingYu_obj/models/connect.php:21
[22-Jul-2016 07:20:37 UTC] PHP Warning:  mysql_connect(): Access denied for user ''@'localhost' (using password: NO) in /home/ubuntu/workspace/project/projectMingYu_obj/models/connect.php on line 21
[22-Jul-2016 07:20:37 UTC] PHP Stack trace:
[22-Jul-2016 07:20:37 UTC] PHP   1. {main}() /home/ubuntu/workspace/project/projectMingYu_obj/controllers/actionLogin.php:0
[22-Jul-2016 07:20:37 UTC] PHP   2. orderform->selectUser() /home/ubuntu/workspace/project/projectMingYu_obj/controllers/actionLogin.php:13
[22-Jul-2016 07:20:37 UTC] PHP   3. DB->connect() /home/ubuntu/workspace/project/projectMingYu_obj/models/selectUser.php:11
[22-Jul-2016 07:20:37 UTC] PHP   4. mysql_connect() /home/ubuntu/workspace/project/projectMingYu_obj/models/connect.php:21
[22-Jul-2016 08:01:41 UTC] PHP Fatal error:  Uncaught exception 'PDOException' with message 'SQLSTATE[HY000] [1045] Access denied for user ''@'localhost' (using password: NO)' in /home/ubuntu/workspace/project/projectMingYu_obj/models/connect.php:14
Stack trace:
#0 /home/ubuntu/workspace/project/projectMingYu_obj/models/connect.php(14): PDO->__construct('mysql:host=;dbn...', NULL, NULL)
#1 /home/ubuntu/workspace/project/projectMingYu_obj/models/selectUser.php(11): DB->connect(NULL, NULL, NULL, NULL)
#2 /home/ubuntu/workspace/project/projectMingYu_obj/controllers/actionLogin.php(13): orderform->selectUser('admin')
#3 {main}
  thrown in /home/ubuntu/workspace/project/projectMingYu_obj/models/connect.php on line 14
[22-Jul-2016 08:22:05 UTC] PHP Fatal error:  Uncaught exception 'PDOException' with message 'SQLSTATE[HY000] [1045] Access denied for user ''@'localhost' (using password: NO)' in /home/ubuntu/workspace/project/projectMingYu_obj/models/connect.php:9
Stack trace:
#0 /home/ubuntu/workspace/project/projectMingYu_obj/models/connect.php(9): PDO->__construct('mysql:host=;dbn...', NULL, NULL)
#1 /home/ubuntu/workspace/project/projectMingYu_obj/models/selectUser.php(11): DB->connect(NULL, NULL, NULL, NULL)
#2 /home/ubuntu/workspace/project/projectMingYu_obj/controllers/actionLogin.php(13): orderform->selectUser('admin')
#3 {main}
  thrown in /home/ubuntu/workspace/project/projectMingYu_obj/models/connect.php on line 9
[22-Jul-2016 08:36:51 UTC] PHP Fatal error:  Uncaught exception 'PDOException' with message 'SQLSTATE[HY000] [1045] Access denied for user ''@'localhost' (using password: NO)' in /home/ubuntu/workspace/project/projectMingYu_obj/models/connect.php:9
Stack trace:
#0 /home/ubuntu/workspace/project/projectMingYu_obj/models/connect.php(9): PDO->__construct('mysql:host=;dbn...', NULL, NULL)
#1 /home/ubuntu/workspace/project/projectMingYu_obj/models/selectUser.php(11): DB->connect(NULL, NULL, NULL, NULL)
#2 /home/ubuntu/workspace/project/projectMingYu_obj/controllers/actionLogin.php(13): orderform->selectUser('admin')
#3 {main}
  thrown in /home/ubuntu/workspace/project/projectMingYu_obj/models/connect.php on line 9
[22-Jul-2016 08:40:10 UTC] PHP Fatal error:  Uncaught exception 'PDOException' with message 'SQLSTATE[HY000] [1045] Access denied for user ''@'localhost' (using password: NO)' in /home/ubuntu/workspace/project/projectMingYu_obj/models/connect.php:14
Stack trace:
#0 /home/ubuntu/workspace/project/projectMingYu_obj/models/connect.php(14): PDO->__construct('mysql:host=;dbn...', NULL, NULL)
#1 /home/ubuntu/workspace/project/projectMingYu_obj/models/selectUser.php(11): DB->connect(NULL, NULL, NULL, NULL)
#2 /home/ubuntu/workspace/project/projectMingYu_obj/controllers/actionLogin.php(13): orderform->selectUser('admin')
#3 {main}
  thrown in /home/ubuntu/workspace/project/projectMingYu_obj/models/connect.php on line 14
[22-Jul-2016 08:45:14 UTC] PHP Fatal error:  Call to a member function query() on a non-object in /home/ubuntu/workspace/project/projectMingYu_obj/models/selectUser.php on line 15
[22-Jul-2016 08:45:14 UTC] PHP Stack trace:
[22-Jul-2016 08:45:14 UTC] PHP   1. {main}() /home/ubuntu/workspace/project/projectMingYu_obj/controllers/actionLogin.php:0
[22-Jul-2016 08:45:14 UTC] PHP   2. orderform->selectUser() /home/ubuntu/workspace/project/projectMingYu_obj/controllers/actionLogin.php:13
[22-Jul-2016 08:49:42 UTC] PHP Fatal error:  Call to undefined method DB::query() in /home/ubuntu/workspace/project/projectMingYu_obj/models/selectUser.php on line 15
[22-Jul-2016 08:49:42 UTC] PHP Stack trace:
[22-Jul-2016 08:49:42 UTC] PHP   1. {main}() /home/ubuntu/workspace/project/projectMingYu_obj/controllers/actionLogin.php:0
[22-Jul-2016 08:49:42 UTC] PHP   2. orderform->selectUser() /home/ubuntu/workspace/project/projectMingYu_obj/controllers/actionLogin.php:13
[22-Jul-2016 09:20:09 UTC] PHP Fatal error:  Call to a member function fetchAll() on a non-object in /home/ubuntu/workspace/project/projectMingYu_obj/models/con_select.php on line 14
[22-Jul-2016 09:20:09 UTC] PHP Stack trace:
[22-Jul-2016 09:20:09 UTC] PHP   1. {main}() /home/ubuntu/workspace/project/projectMingYu_obj/controllers/actionLogin.php:0
[22-Jul-2016 09:20:09 UTC] PHP   2. selectUser->user() /home/ubuntu/workspace/project/projectMingYu_obj/controllers/actionLogin.php:13
[22-Jul-2016 09:20:09 UTC] PHP   3. orderform->selectUser() /home/ubuntu/workspace/project/projectMingYu_obj/models/selectUser.php:12
[22-Jul-2016 09:23:04 UTC] PHP Fatal error:  Call to a member function fetchAll() on a non-object in /home/ubuntu/workspace/project/projectMingYu_obj/models/con_select.php on line 14
[22-Jul-2016 09:23:04 UTC] PHP Stack trace:
[22-Jul-2016 09:23:04 UTC] PHP   1. {main}() /home/ubuntu/workspace/project/projectMingYu_obj/controllers/actionLogin.php:0
[22-Jul-2016 09:23:04 UTC] PHP   2. selectUser->user() /home/ubuntu/workspace/project/projectMingYu_obj/controllers/actionLogin.php:13
[22-Jul-2016 09:23:04 UTC] PHP   3. orderform->selectUser() /home/ubuntu/workspace/project/projectMingYu_obj/models/selectUser.php:13
[22-Jul-2016 09:24:21 UTC] PHP Fatal error:  Call to a member function fetchAll() on a non-object in /home/ubuntu/workspace/project/projectMingYu_obj/models/con_select.php on line 12
[22-Jul-2016 09:24:21 UTC] PHP Stack trace:
[22-Jul-2016 09:24:21 UTC] PHP   1. {main}() /home/ubuntu/workspace/project/projectMingYu_obj/controllers/actionLogin.php:0
[22-Jul-2016 09:24:21 UTC] PHP   2. selectUser->user() /home/ubuntu/workspace/project/projectMingYu_obj/controllers/actionLogin.php:13
[22-Jul-2016 09:24:21 UTC] PHP   3. orderform->selectUser() /home/ubuntu/workspace/project/projectMingYu_obj/models/selectUser.php:13
[22-Jul-2016 09:25:44 UTC] PHP Fatal error:  Call to a member function fetchAll() on a non-object in /home/ubuntu/workspace/project/projectMingYu_obj/models/con_select.php on line 12
[22-Jul-2016 09:25:45 UTC] PHP Stack trace:
[22-Jul-2016 09:25:45 UTC] PHP   1. {main}() /home/ubuntu/workspace/project/projectMingYu_obj/controllers/actionLogin.php:0
[22-Jul-2016 09:25:45 UTC] PHP   2. selectUser->user() /home/ubuntu/workspace/project/projectMingYu_obj/controllers/actionLogin.php:13
[22-Jul-2016 09:25:45 UTC] PHP   3. orderform->selectUser() /home/ubuntu/workspace/project/projectMingYu_obj/models/selectUser.php:13
[25-Jul-2016 02:01:49 UTC] PHP Warning:  include_once(../models/selectUser.php): failed to open stream: No such file or directory in /home/ubuntu/workspace/project/projectMingYu_obj/controllers/actionLogin.php on line 4
[25-Jul-2016 02:01:49 UTC] PHP Stack trace:
[25-Jul-2016 02:01:49 UTC] PHP   1. {main}() /home/ubuntu/workspace/project/projectMingYu_obj/controllers/actionLogin.php:0
[25-Jul-2016 02:01:49 UTC] PHP Warning:  include_once(): Failed opening '../models/selectUser.php' for inclusion (include_path='.:/usr/share/php:/usr/share/pear') in /home/ubuntu/workspace/project/projectMingYu_obj/controllers/actionLogin.php on line 4
[25-Jul-2016 02:01:49 UTC] PHP Stack trace:
[25-Jul-2016 02:01:49 UTC] PHP   1. {main}() /home/ubuntu/workspace/project/projectMingYu_obj/controllers/actionLogin.php:0
[25-Jul-2016 02:01:49 UTC] PHP Fatal error:  Class 'user' not found in /home/ubuntu/workspace/project/projectMingYu_obj/controllers/actionLogin.php on line 12
[25-Jul-2016 02:01:49 UTC] PHP Stack trace:
[25-Jul-2016 02:01:49 UTC] PHP   1. {main}() /home/ubuntu/workspace/project/projectMingYu_obj/controllers/actionLogin.php:0
[25-Jul-2016 02:02:39 UTC] PHP Fatal error:  Class 'orderform' not found in /home/ubuntu/workspace/project/projectMingYu_obj/controllers/actionOrderform.php on line 42
[25-Jul-2016 02:02:39 UTC] PHP Stack trace:
[25-Jul-2016 02:02:39 UTC] PHP   1. {main}() /home/ubuntu/workspace/project/projectMingYu_obj/views/orderform.php:0
[25-Jul-2016 02:02:39 UTC] PHP   2. include() /home/ubuntu/workspace/project/projectMingYu_obj/views/orderform.php:2
[25-Jul-2016 02:06:27 UTC] PHP Parse error:  syntax error, unexpected '$update_modal' (T_VARIABLE) in /home/ubuntu/workspace/project/projectMingYu_obj/controllers/actionOrderform.php on line 46
[25-Jul-2016 02:06:27 UTC] PHP Stack trace:
[25-Jul-2016 02:06:27 UTC] PHP   1. {main}() /home/ubuntu/workspace/project/projectMingYu_obj/views/orderform.php:0
[25-Jul-2016 02:07:15 UTC] PHP Parse error:  syntax error, unexpected '$update_modal' (T_VARIABLE) in /home/ubuntu/workspace/project/projectMingYu_obj/controllers/actionOrderform.php on line 46
[25-Jul-2016 02:07:15 UTC] PHP Stack trace:
[25-Jul-2016 02:07:15 UTC] PHP   1. {main}() /home/ubuntu/workspace/project/projectMingYu_obj/views/orderform.php:0
[25-Jul-2016 02:07:20 UTC] PHP Parse error:  syntax error, unexpected '$update_modal' (T_VARIABLE) in /home/ubuntu/workspace/project/projectMingYu_obj/controllers/actionOrderform.php on line 46
[25-Jul-2016 02:07:20 UTC] PHP Stack trace:
[25-Jul-2016 02:07:20 UTC] PHP   1. {main}() /home/ubuntu/workspace/project/projectMingYu_obj/views/orderform.php:0
[25-Jul-2016 02:08:03 UTC] PHP Parse error:  syntax error, unexpected '$update_modal' (T_VARIABLE) in /home/ubuntu/workspace/project/projectMingYu_obj/controllers/actionOrderform.php on line 46
[25-Jul-2016 02:08:03 UTC] PHP Stack trace:
[25-Jul-2016 02:08:03 UTC] PHP   1. {main}() /home/ubuntu/workspace/project/projectMingYu_obj/views/orderform.php:0
[25-Jul-2016 02:27:38 UTC] PHP Parse error:  syntax error, unexpected '$update_modal' (T_VARIABLE) in /home/ubuntu/workspace/project/projectMingYu_obj/controllers/actionOrderform.php on line 46
[25-Jul-2016 02:27:38 UTC] PHP Stack trace:
[25-Jul-2016 02:27:38 UTC] PHP   1. {main}() /home/ubuntu/workspace/project/projectMingYu_obj/views/orderform.php:0
[25-Jul-2016 03:06:40 UTC] PHP Parse error:  syntax error, unexpected '$update_modal' (T_VARIABLE) in /home/ubuntu/workspace/project/projectMingYu_obj/controllers/actionOrderform.php on line 46
[25-Jul-2016 03:06:40 UTC] PHP Stack trace:
[25-Jul-2016 03:06:40 UTC] PHP   1. {main}() /home/ubuntu/workspace/project/projectMingYu_obj/views/orderform.php:0
[25-Jul-2016 03:09:27 UTC] PHP Parse error:  syntax error, unexpected '$update_modal' (T_VARIABLE) in /home/ubuntu/workspace/project/projectMingYu_obj/controllers/actionOrderform.php on line 46
[25-Jul-2016 03:09:27 UTC] PHP Stack trace:
[25-Jul-2016 03:09:27 UTC] PHP   1. {main}() /home/ubuntu/workspace/project/projectMingYu_obj/views/orderform.php:0
[25-Jul-2016 03:26:00 UTC] PHP Fatal error:  Undefined class constant 'FETCH_ROW' in /home/ubuntu/workspace/project/projectMingYu_obj/models/selectRow.php on line 10
[25-Jul-2016 03:26:00 UTC] PHP Stack trace:
[25-Jul-2016 03:26:00 UTC] PHP   1. {main}() /home/ubuntu/workspace/project/projectMingYu_obj/controllers/actionLogin.php:0
[25-Jul-2016 03:26:00 UTC] PHP   2. user->selectUser() /home/ubuntu/workspace/project/projectMingYu_obj/controllers/actionLogin.php:13
[25-Jul-2016 03:26:00 UTC] PHP   3. selectRow->select() /home/ubuntu/workspace/project/projectMingYu_obj/models/user.php:12
[25-Jul-2016 03:34:41 UTC] PHP Fatal error:  Class 'orderform' not found in /home/ubuntu/workspace/project/projectMingYu_obj/controllers/actionDetail.php on line 33
[25-Jul-2016 03:34:41 UTC] PHP Stack trace:
[25-Jul-2016 03:34:41 UTC] PHP   1. {main}() /home/ubuntu/workspace/project/projectMingYu_obj/views/detail.php:0
[25-Jul-2016 03:34:41 UTC] PHP   2. require_once() /home/ubuntu/workspace/project/projectMingYu_obj/views/detail.php:2
[25-Jul-2016 03:35:18 UTC] PHP Fatal error:  Class 'orderform' not found in /home/ubuntu/workspace/project/projectMingYu_obj/controllers/actionDetail.php on line 33
[25-Jul-2016 03:35:18 UTC] PHP Stack trace:
[25-Jul-2016 03:35:18 UTC] PHP   1. {main}() /home/ubuntu/workspace/project/projectMingYu_obj/views/detail.php:0
[25-Jul-2016 03:35:18 UTC] PHP   2. require_once() /home/ubuntu/workspace/project/projectMingYu_obj/views/detail.php:2
[25-Jul-2016 03:35:49 UTC] PHP Fatal error:  Class 'orderform' not found in /home/ubuntu/workspace/project/projectMingYu_obj/controllers/actionOrderform.php on line 68
[25-Jul-2016 03:35:49 UTC] PHP Stack trace:
[25-Jul-2016 03:35:49 UTC] PHP   1. {main}() /home/ubuntu/workspace/project/projectMingYu_obj/controllers/actionOrderform.php:0
[25-Jul-2016 03:38:06 UTC] PHP Fatal error:  Call to undefined method clientSQL::select_clientID() in /home/ubuntu/workspace/project/projectMingYu_obj/controllers/actionOrderform.php on line 104
[25-Jul-2016 03:38:06 UTC] PHP Stack trace:
[25-Jul-2016 03:38:06 UTC] PHP   1. {main}() /home/ubuntu/workspace/project/projectMingYu_obj/controllers/actionOrderform.php:0
[25-Jul-2016 03:38:06 UTC] PHP   2. increment_clientID() /home/ubuntu/workspace/project/projectMingYu_obj/controllers/actionOrderform.php:74
[25-Jul-2016 03:38:06 UTC] PHP Fatal error:  Call to undefined method clientSQL::select_clientID() in /home/ubuntu/workspace/project/projectMingYu_obj/controllers/actionOrderform.php on line 104
[25-Jul-2016 03:38:06 UTC] PHP Stack trace:
[25-Jul-2016 03:38:06 UTC] PHP   1. {main}() /home/ubuntu/workspace/project/projectMingYu_obj/controllers/actionOrderform.php:0
[25-Jul-2016 03:38:06 UTC] PHP   2. increment_clientID() /home/ubuntu/workspace/project/projectMingYu_obj/controllers/actionOrderform.php:74
[25-Jul-2016 03:39:33 UTC] PHP Fatal error:  Unsupported operand types in /home/ubuntu/workspace/project/projectMingYu_obj/controllers/actionOrderform.php on line 105
[25-Jul-2016 03:39:33 UTC] PHP Stack trace:
[25-Jul-2016 03:39:33 UTC] PHP   1. {main}() /home/ubuntu/workspace/project/projectMingYu_obj/controllers/actionOrderform.php:0
[25-Jul-2016 03:39:33 UTC] PHP   2. increment_clientID() /home/ubuntu/workspace/project/projectMingYu_obj/controllers/actionOrderform.php:74
[25-Jul-2016 03:48:00 UTC] PHP Fatal error:  Class 'orderform' not found in /home/ubuntu/workspace/project/projectMingYu_obj/controllers/actionOrderform.php on line 59
[25-Jul-2016 03:48:00 UTC] PHP Stack trace:
[25-Jul-2016 03:48:00 UTC] PHP   1. {main}() /home/ubuntu/workspace/project/projectMingYu_obj/controllers/actionOrderform.php:0
[25-Jul-2016 03:49:25 UTC] PHP Fatal error:  Class 'orderform' not found in /home/ubuntu/workspace/project/projectMingYu_obj/controllers/actionDetail.php on line 33
[25-Jul-2016 03:49:25 UTC] PHP Stack trace:
[25-Jul-2016 03:49:25 UTC] PHP   1. {main}() /home/ubuntu/workspace/project/projectMingYu_obj/views/detail.php:0
[25-Jul-2016 03:49:25 UTC] PHP   2. require_once() /home/ubuntu/workspace/project/projectMingYu_obj/views/detail.php:2
[25-Jul-2016 03:59:42 UTC] PHP Warning:  mysql_fetch_row() expects parameter 1 to be resource, array given in /home/ubuntu/workspace/project/projectMingYu_obj/views/detail.php on line 93
[25-Jul-2016 03:59:42 UTC] PHP Stack trace:
[25-Jul-2016 03:59:42 UTC] PHP   1. {main}() /home/ubuntu/workspace/project/projectMingYu_obj/views/detail.php:0
[25-Jul-2016 03:59:42 UTC] PHP   2. mysql_fetch_row() /home/ubuntu/workspace/project/projectMingYu_obj/views/detail.php:93
[25-Jul-2016 03:59:42 UTC] PHP Warning:  mysql_fetch_row() expects parameter 1 to be resource, array given in /home/ubuntu/workspace/project/projectMingYu_obj/views/detail.php on line 137
[25-Jul-2016 03:59:42 UTC] PHP Stack trace:
[25-Jul-2016 03:59:42 UTC] PHP   1. {main}() /home/ubuntu/workspace/project/projectMingYu_obj/views/detail.php:0
[25-Jul-2016 03:59:42 UTC] PHP   2. mysql_fetch_row() /home/ubuntu/workspace/project/projectMingYu_obj/views/detail.php:137
[25-Jul-2016 03:59:42 UTC] PHP Warning:  mysql_fetch_row() expects parameter 1 to be resource, array given in /home/ubuntu/workspace/project/projectMingYu_obj/views/detail.php on line 185
[25-Jul-2016 03:59:42 UTC] PHP Stack trace:
[25-Jul-2016 03:59:42 UTC] PHP   1. {main}() /home/ubuntu/workspace/project/projectMingYu_obj/views/detail.php:0
[25-Jul-2016 03:59:42 UTC] PHP   2. mysql_fetch_row() /home/ubuntu/workspace/project/projectMingYu_obj/views/detail.php:185
[25-Jul-2016 03:59:42 UTC] PHP Warning:  mysql_fetch_row() expects parameter 1 to be resource, array given in /home/ubuntu/workspace/project/projectMingYu_obj/views/detail.php on line 229
[25-Jul-2016 03:59:42 UTC] PHP Stack trace:
[25-Jul-2016 03:59:42 UTC] PHP   1. {main}() /home/ubuntu/workspace/project/projectMingYu_obj/views/detail.php:0
[25-Jul-2016 03:59:42 UTC] PHP   2. mysql_fetch_row() /home/ubuntu/workspace/project/projectMingYu_obj/views/detail.php:229
[25-Jul-2016 04:16:17 UTC] PHP Parse error:  syntax error, unexpected ')' in /home/ubuntu/workspace/project/projectMingYu_obj/views/detail.php on line 229
